#-----------------------------------------------------------
# Webtalk v2017.3 (64-bit)
# SW Build 2018833 on Wed Oct  4 19:58:22 MDT 2017
# 
# Start of session at: Sun May  8 17:50:04 2022
# Process ID: 1500
# Current directory: C:/Users/user/OneDrive/SOC/GPIO_Interrupt_tutorial/GPIO_Interrupt_tutorial.sdk/webtalk
# Command line: wbtcv.exe -mode batch -source sdk_webtalk.tcl
# Log file: C:/Users/user/OneDrive/SOC/GPIO_Interrupt_tutorial/GPIO_Interrupt_tutorial.sdk/webtalk/webtalk.log
# Journal file: C:/Users/user/OneDrive/SOC/GPIO_Interrupt_tutorial/GPIO_Interrupt_tutorial.sdk/webtalk\webtalk.jou
#-----------------------------------------------------------
source sdk_webtalk.tcl
# webtalk_init -webtalk_dir C:\\Users\\user\\OneDrive\\SOC\\GPIO_Interrupt_tutorial\\GPIO_Interrupt_tutorial.sdk\\webtalk
# webtalk_register_client -client project
# webtalk_add_data -client project -key date_generated -value "2022-05-08 17:50:02" -context "software_version_and_target_device"
# webtalk_add_data -client project -key product_version -value "SDK v2017.3" -context "software_version_and_target_device"
# webtalk_add_data -client project -key build_version -value "2017.3" -context "software_version_and_target_device"
# webtalk_add_data -client project -key os_platform -value "amd64" -context "software_version_and_target_device"
# webtalk_add_data -client project -key registration_id -value "210922149_0_0_458" -context "software_version_and_target_device"
# webtalk_add_data -client project -key tool_flow -value "SDK" -context "software_version_and_target_device"
# webtalk_add_data -client project -key beta -value "false" -context "software_version_and_target_device"
# webtalk_add_data -client project -key route_design -value "NA" -context "software_version_and_target_device"
# webtalk_add_data -client project -key target_family -value "NA" -context "software_version_and_target_device"
# webtalk_add_data -client project -key target_device -value "NA" -context "software_version_and_target_device"
# webtalk_add_data -client project -key target_package -value "NA" -context "software_version_and_target_device"
# webtalk_add_data -client project -key target_speed -value "NA" -context "software_version_and_target_device"
# webtalk_add_data -client project -key random_id -value "tuuag5hte3gaj8ahm2lg3qoiuk" -context "software_version_and_target_device"
# webtalk_add_data -client project -key project_id -value "2017.3_5" -context "software_version_and_target_device"
# webtalk_add_data -client project -key project_iteration -value "5" -context "software_version_and_target_device"
# webtalk_add_data -client project -key os_name -value "Microsoft Windows 8 or later , 64-bit" -context "user_environment"
# webtalk_add_data -client project -key os_release -value "major release  (build 9200)" -context "user_environment"
# webtalk_add_data -client project -key cpu_name -value "Intel(R) Core(TM) i5-8250U CPU @ 1.60GHz" -context "user_environment"
# webtalk_add_data -client project -key cpu_speed -value "1800 MHz" -context "user_environment"
# webtalk_add_data -client project -key total_processors -value "1" -context "user_environment"
# webtalk_add_data -client project -key system_ram -value "8.501 GB" -context "user_environment"
# webtalk_register_client -client sdk
# webtalk_add_data -client sdk -key uid -value "1652001729148" -context "sdk\\\\hardware/1652001729148"
# webtalk_add_data -client sdk -key isZynq -value "true" -context "sdk\\\\hardware/1652001729148"
# webtalk_add_data -client sdk -key isZynqMP -value "false" -context "sdk\\\\hardware/1652001729148"
# webtalk_add_data -client sdk -key Processors -value "2" -context "sdk\\\\hardware/1652001729148"
# webtalk_add_data -client sdk -key VivadoVersion -value "2017.3" -context "sdk\\\\hardware/1652001729148"
# webtalk_add_data -client sdk -key Arch -value "zynq" -context "sdk\\\\hardware/1652001729148"
# webtalk_add_data -client sdk -key Device -value "7z020" -context "sdk\\\\hardware/1652001729148"
# webtalk_add_data -client sdk -key IsHandoff -value "true" -context "sdk\\\\hardware/1652001729148"
# webtalk_add_data -client sdk -key os -value "NA" -context "sdk\\\\hardware/1652001729148"
# webtalk_add_data -client sdk -key apptemplate -value "NA" -context "sdk\\\\hardware/1652001729148"
# webtalk_add_data -client sdk -key RecordType -value "HWCreation" -context "sdk\\\\hardware/1652001729148"
# webtalk_add_data -client sdk -key uid -value "NA" -context "sdk\\\\bsp/1652003402961"
# webtalk_add_data -client sdk -key RecordType -value "ToolUsage" -context "sdk\\\\bsp/1652003402961"
# webtalk_add_data -client sdk -key BootgenCount -value "0" -context "sdk\\\\bsp/1652003402961"
# webtalk_add_data -client sdk -key DebugCount -value "0" -context "sdk\\\\bsp/1652003402961"
# webtalk_add_data -client sdk -key PerfCount -value "0" -context "sdk\\\\bsp/1652003402961"
# webtalk_add_data -client sdk -key FlashCount -value "0" -context "sdk\\\\bsp/1652003402961"
# webtalk_add_data -client sdk -key CrossTriggCount -value "0" -context "sdk\\\\bsp/1652003402961"
# webtalk_add_data -client sdk -key QemuDebugCount -value "0" -context "sdk\\\\bsp/1652003402961"
# webtalk_transmit -clientid 2805323749 -regid "210922149_0_0_458" -xml C:\\Users\\user\\OneDrive\\SOC\\GPIO_Interrupt_tutorial\\GPIO_Interrupt_tutorial.sdk\\webtalk\\usage_statistics_ext_sdk.xml -html C:\\Users\\user\\OneDrive\\SOC\\GPIO_Interrupt_tutorial\\GPIO_Interrupt_tutorial.sdk\\webtalk\\usage_statistics_ext_sdk.html -wdm C:\\Users\\user\\OneDrive\\SOC\\GPIO_Interrupt_tutorial\\GPIO_Interrupt_tutorial.sdk\\webtalk\\sdk_webtalk.wdm -intro "<H3>SDK Usage Report</H3><BR>"
# webtalk_terminate
INFO: [Common 17-206] Exiting Webtalk at Sun May  8 17:50:06 2022...
