
*** Running vivado
    with args -log design_1_processing_system7_0_0.vds -m64 -product Vivado -mode batch -messageDb vivado.pb -notrace -source design_1_processing_system7_0_0.tcl


****** Vivado v2017.3 (64-bit)
  **** SW Build 2018833 on Wed Oct  4 19:58:22 MDT 2017
  **** IP Build 2016188 on Wed Oct  4 21:52:56 MDT 2017
    ** Copyright 1986-2017 Xilinx, Inc. All Rights Reserved.

source design_1_processing_system7_0_0.tcl -notrace
Starting RTL Elaboration : Time (s): cpu = 00:00:14 ; elapsed = 00:00:14 . Memory (MB): peak = 363.461 ; gain = 96.875
INFO: [Synth 8-638] synthesizing module 'design_1_processing_system7_0_0' [c:/Users/user/OneDrive/SOC/GPIO_Interrupt_tutorial/GPIO_Interrupt_tutorial.srcs/sources_1/bd/design_1/ip/design_1_processing_system7_0_0/synth/design_1_processing_system7_0_0.v:60]
INFO: [Synth 8-638] synthesizing module 'processing_system7_v5_5_processing_system7' [c:/Users/user/OneDrive/SOC/GPIO_Interrupt_tutorial/GPIO_Interrupt_tutorial.srcs/sources_1/bd/design_1/ip/design_1_processing_system7_0_0/hdl/verilog/processing_system7_v5_5_processing_system7.v:162]
INFO: [Synth 8-638] synthesizing module 'BUFG' [C:/Xilinx/Vivado/2017.3/scripts/rt/data/unisim_comp.v:607]
INFO: [Synth 8-256] done synthesizing module 'BUFG' (1#1) [C:/Xilinx/Vivado/2017.3/scripts/rt/data/unisim_comp.v:607]
INFO: [Synth 8-638] synthesizing module 'BIBUF' [C:/Xilinx/Vivado/2017.3/scripts/rt/data/unisim_comp.v:268]
INFO: [Synth 8-256] done synthesizing module 'BIBUF' (2#1) [C:/Xilinx/Vivado/2017.3/scripts/rt/data/unisim_comp.v:268]
INFO: [Synth 8-638] synthesizing module 'PS7' [C:/Xilinx/Vivado/2017.3/scripts/rt/data/unisim_comp.v:40559]
INFO: [Synth 8-256] done synthesizing module 'PS7' (3#1) [C:/Xilinx/Vivado/2017.3/scripts/rt/data/unisim_comp.v:40559]
INFO: [Synth 8-256] done synthesizing module 'processing_system7_v5_5_processing_system7' (4#1) [c:/Users/user/OneDrive/SOC/GPIO_Interrupt_tutorial/GPIO_Interrupt_tutorial.srcs/sources_1/bd/design_1/ip/design_1_processing_system7_0_0/hdl/verilog/processing_system7_v5_5_processing_system7.v:162]
INFO: [Synth 8-256] done synthesizing module 'design_1_processing_system7_0_0' (5#1) [c:/Users/user/OneDrive/SOC/GPIO_Interrupt_tutorial/GPIO_Interrupt_tutorial.srcs/sources_1/bd/design_1/ip/design_1_processing_system7_0_0/synth/design_1_processing_system7_0_0.v:60]
Finished RTL Elaboration : Time (s): cpu = 00:00:16 ; elapsed = 00:00:16 . Memory (MB): peak = 407.547 ; gain = 140.961
Finished RTL Optimization Phase 1 : Time (s): cpu = 00:00:16 ; elapsed = 00:00:17 . Memory (MB): peak = 407.547 ; gain = 140.961
INFO: [Device 21-403] Loading part xc7z020clg484-1
Constraint Validation Runtime : Time (s): cpu = 00:00:00 ; elapsed = 00:00:00.054 . Memory (MB): peak = 663.047 ; gain = 0.000
Finished Constraint Validation : Time (s): cpu = 00:00:40 ; elapsed = 00:00:43 . Memory (MB): peak = 663.047 ; gain = 396.461
Finished Loading Part and Timing Information : Time (s): cpu = 00:00:40 ; elapsed = 00:00:43 . Memory (MB): peak = 663.047 ; gain = 396.461
Finished applying 'set_property' XDC Constraints : Time (s): cpu = 00:00:41 ; elapsed = 00:00:43 . Memory (MB): peak = 663.047 ; gain = 396.461
Finished RTL Optimization Phase 2 : Time (s): cpu = 00:00:42 ; elapsed = 00:00:44 . Memory (MB): peak = 663.047 ; gain = 396.461
Finished Cross Boundary and Area Optimization : Time (s): cpu = 00:00:43 ; elapsed = 00:00:46 . Memory (MB): peak = 663.047 ; gain = 396.461
Finished Applying XDC Timing Constraints : Time (s): cpu = 00:00:58 ; elapsed = 00:01:01 . Memory (MB): peak = 870.801 ; gain = 604.215
Finished Timing Optimization : Time (s): cpu = 00:00:58 ; elapsed = 00:01:01 . Memory (MB): peak = 886.895 ; gain = 620.309
Finished Technology Mapping : Time (s): cpu = 00:01:00 ; elapsed = 00:01:03 . Memory (MB): peak = 889.961 ; gain = 623.375
Finished IO Insertion : Time (s): cpu = 00:01:02 ; elapsed = 00:01:05 . Memory (MB): peak = 889.961 ; gain = 623.375
Finished Renaming Generated Instances : Time (s): cpu = 00:01:02 ; elapsed = 00:01:05 . Memory (MB): peak = 889.961 ; gain = 623.375
Finished Rebuilding User Hierarchy : Time (s): cpu = 00:01:02 ; elapsed = 00:01:05 . Memory (MB): peak = 889.961 ; gain = 623.375
Finished Renaming Generated Ports : Time (s): cpu = 00:01:02 ; elapsed = 00:01:05 . Memory (MB): peak = 889.961 ; gain = 623.375
Finished Handling Custom Attributes : Time (s): cpu = 00:01:02 ; elapsed = 00:01:05 . Memory (MB): peak = 889.961 ; gain = 623.375
Finished Renaming Generated Nets : Time (s): cpu = 00:01:02 ; elapsed = 00:01:05 . Memory (MB): peak = 889.961 ; gain = 623.375

Report Cell Usage: 
+------+------+------+
|      |Cell  |Count |
+------+------+------+
|1     |BIBUF |   130|
|2     |BUFG  |     1|
|3     |LUT1  |   112|
|4     |PS7   |     1|
+------+------+------+
Finished Writing Synthesis Report : Time (s): cpu = 00:01:02 ; elapsed = 00:01:05 . Memory (MB): peak = 889.961 ; gain = 623.375
synth_design: Time (s): cpu = 00:01:04 ; elapsed = 00:01:08 . Memory (MB): peak = 904.488 ; gain = 645.914
