
*** Running vivado
    with args -log design_1_xbar_0.vds -m64 -product Vivado -mode batch -messageDb vivado.pb -notrace -source design_1_xbar_0.tcl


****** Vivado v2017.3 (64-bit)
  **** SW Build 2018833 on Wed Oct  4 19:58:22 MDT 2017
  **** IP Build 2016188 on Wed Oct  4 21:52:56 MDT 2017
    ** Copyright 1986-2017 Xilinx, Inc. All Rights Reserved.

source design_1_xbar_0.tcl -notrace
Starting RTL Elaboration : Time (s): cpu = 00:00:22 ; elapsed = 00:00:23 . Memory (MB): peak = 367.508 ; gain = 99.684
INFO: [Synth 8-638] synthesizing module 'design_1_xbar_0' [c:/Users/user/OneDrive/SOC/GPIO_Interrupt_tutorial/GPIO_Interrupt_tutorial.srcs/sources_1/bd/design_1/ip/design_1_xbar_0/synth/design_1_xbar_0.v:59]
INFO: [Synth 8-638] synthesizing module 'axi_crossbar_v2_1_15_axi_crossbar' [c:/Users/user/OneDrive/SOC/GPIO_Interrupt_tutorial/GPIO_Interrupt_tutorial.srcs/sources_1/bd/design_1/ipshared/a1b8/hdl/axi_crossbar_v2_1_vl_rfs.v:4882]
INFO: [Synth 8-638] synthesizing module 'axi_crossbar_v2_1_15_crossbar_sasd' [c:/Users/user/OneDrive/SOC/GPIO_Interrupt_tutorial/GPIO_Interrupt_tutorial.srcs/sources_1/bd/design_1/ipshared/a1b8/hdl/axi_crossbar_v2_1_vl_rfs.v:1240]
INFO: [Synth 8-638] synthesizing module 'axi_crossbar_v2_1_15_addr_decoder' [c:/Users/user/OneDrive/SOC/GPIO_Interrupt_tutorial/GPIO_Interrupt_tutorial.srcs/sources_1/bd/design_1/ipshared/a1b8/hdl/axi_crossbar_v2_1_vl_rfs.v:794]
INFO: [Synth 8-638] synthesizing module 'generic_baseblocks_v2_1_0_comparator_static' [c:/Users/user/OneDrive/SOC/GPIO_Interrupt_tutorial/GPIO_Interrupt_tutorial.srcs/sources_1/bd/design_1/ipshared/b752/hdl/generic_baseblocks_v2_1_vl_rfs.v:2133]
INFO: [Synth 8-638] synthesizing module 'generic_baseblocks_v2_1_0_carry_and' [c:/Users/user/OneDrive/SOC/GPIO_Interrupt_tutorial/GPIO_Interrupt_tutorial.srcs/sources_1/bd/design_1/ipshared/b752/hdl/generic_baseblocks_v2_1_vl_rfs.v:62]
INFO: [Synth 8-256] done synthesizing module 'generic_baseblocks_v2_1_0_carry_and' (1#1) [c:/Users/user/OneDrive/SOC/GPIO_Interrupt_tutorial/GPIO_Interrupt_tutorial.srcs/sources_1/bd/design_1/ipshared/b752/hdl/generic_baseblocks_v2_1_vl_rfs.v:62]
INFO: [Synth 8-256] done synthesizing module 'generic_baseblocks_v2_1_0_comparator_static' (2#1) [c:/Users/user/OneDrive/SOC/GPIO_Interrupt_tutorial/GPIO_Interrupt_tutorial.srcs/sources_1/bd/design_1/ipshared/b752/hdl/generic_baseblocks_v2_1_vl_rfs.v:2133]
INFO: [Synth 8-638] synthesizing module 'generic_baseblocks_v2_1_0_comparator_static__parameterized0' [c:/Users/user/OneDrive/SOC/GPIO_Interrupt_tutorial/GPIO_Interrupt_tutorial.srcs/sources_1/bd/design_1/ipshared/b752/hdl/generic_baseblocks_v2_1_vl_rfs.v:2133]
INFO: [Synth 8-256] done synthesizing module 'generic_baseblocks_v2_1_0_comparator_static__parameterized0' (2#1) [c:/Users/user/OneDrive/SOC/GPIO_Interrupt_tutorial/GPIO_Interrupt_tutorial.srcs/sources_1/bd/design_1/ipshared/b752/hdl/generic_baseblocks_v2_1_vl_rfs.v:2133]
INFO: [Synth 8-256] done synthesizing module 'axi_crossbar_v2_1_15_addr_decoder' (3#1) [c:/Users/user/OneDrive/SOC/GPIO_Interrupt_tutorial/GPIO_Interrupt_tutorial.srcs/sources_1/bd/design_1/ipshared/a1b8/hdl/axi_crossbar_v2_1_vl_rfs.v:794]
INFO: [Synth 8-638] synthesizing module 'axi_crossbar_v2_1_15_decerr_slave' [c:/Users/user/OneDrive/SOC/GPIO_Interrupt_tutorial/GPIO_Interrupt_tutorial.srcs/sources_1/bd/design_1/ipshared/a1b8/hdl/axi_crossbar_v2_1_vl_rfs.v:3500]
INFO: [Synth 8-256] done synthesizing module 'axi_crossbar_v2_1_15_decerr_slave' (4#1) [c:/Users/user/OneDrive/SOC/GPIO_Interrupt_tutorial/GPIO_Interrupt_tutorial.srcs/sources_1/bd/design_1/ipshared/a1b8/hdl/axi_crossbar_v2_1_vl_rfs.v:3500]
INFO: [Synth 8-638] synthesizing module 'axi_crossbar_v2_1_15_addr_arbiter_sasd' [c:/Users/user/OneDrive/SOC/GPIO_Interrupt_tutorial/GPIO_Interrupt_tutorial.srcs/sources_1/bd/design_1/ipshared/a1b8/hdl/axi_crossbar_v2_1_vl_rfs.v:65]
INFO: [Synth 8-256] done synthesizing module 'axi_crossbar_v2_1_15_addr_arbiter_sasd' (5#1) [c:/Users/user/OneDrive/SOC/GPIO_Interrupt_tutorial/GPIO_Interrupt_tutorial.srcs/sources_1/bd/design_1/ipshared/a1b8/hdl/axi_crossbar_v2_1_vl_rfs.v:65]
INFO: [Synth 8-638] synthesizing module 'axi_crossbar_v2_1_15_splitter' [c:/Users/user/OneDrive/SOC/GPIO_Interrupt_tutorial/GPIO_Interrupt_tutorial.srcs/sources_1/bd/design_1/ipshared/a1b8/hdl/axi_crossbar_v2_1_vl_rfs.v:4459]
INFO: [Synth 8-256] done synthesizing module 'axi_crossbar_v2_1_15_splitter' (6#1) [c:/Users/user/OneDrive/SOC/GPIO_Interrupt_tutorial/GPIO_Interrupt_tutorial.srcs/sources_1/bd/design_1/ipshared/a1b8/hdl/axi_crossbar_v2_1_vl_rfs.v:4459]
INFO: [Synth 8-638] synthesizing module 'axi_crossbar_v2_1_15_splitter__parameterized0' [c:/Users/user/OneDrive/SOC/GPIO_Interrupt_tutorial/GPIO_Interrupt_tutorial.srcs/sources_1/bd/design_1/ipshared/a1b8/hdl/axi_crossbar_v2_1_vl_rfs.v:4459]
INFO: [Synth 8-256] done synthesizing module 'axi_crossbar_v2_1_15_splitter__parameterized0' (6#1) [c:/Users/user/OneDrive/SOC/GPIO_Interrupt_tutorial/GPIO_Interrupt_tutorial.srcs/sources_1/bd/design_1/ipshared/a1b8/hdl/axi_crossbar_v2_1_vl_rfs.v:4459]
INFO: [Synth 8-638] synthesizing module 'generic_baseblocks_v2_1_0_mux_enc' [c:/Users/user/OneDrive/SOC/GPIO_Interrupt_tutorial/GPIO_Interrupt_tutorial.srcs/sources_1/bd/design_1/ipshared/b752/hdl/generic_baseblocks_v2_1_vl_rfs.v:2452]
INFO: [Synth 8-256] done synthesizing module 'generic_baseblocks_v2_1_0_mux_enc' (7#1) [c:/Users/user/OneDrive/SOC/GPIO_Interrupt_tutorial/GPIO_Interrupt_tutorial.srcs/sources_1/bd/design_1/ipshared/b752/hdl/generic_baseblocks_v2_1_vl_rfs.v:2452]
INFO: [Synth 8-638] synthesizing module 'generic_baseblocks_v2_1_0_mux_enc__parameterized0' [c:/Users/user/OneDrive/SOC/GPIO_Interrupt_tutorial/GPIO_Interrupt_tutorial.srcs/sources_1/bd/design_1/ipshared/b752/hdl/generic_baseblocks_v2_1_vl_rfs.v:2452]
INFO: [Synth 8-256] done synthesizing module 'generic_baseblocks_v2_1_0_mux_enc__parameterized0' (7#1) [c:/Users/user/OneDrive/SOC/GPIO_Interrupt_tutorial/GPIO_Interrupt_tutorial.srcs/sources_1/bd/design_1/ipshared/b752/hdl/generic_baseblocks_v2_1_vl_rfs.v:2452]
INFO: [Synth 8-638] synthesizing module 'generic_baseblocks_v2_1_0_mux_enc__parameterized1' [c:/Users/user/OneDrive/SOC/GPIO_Interrupt_tutorial/GPIO_Interrupt_tutorial.srcs/sources_1/bd/design_1/ipshared/b752/hdl/generic_baseblocks_v2_1_vl_rfs.v:2452]
INFO: [Synth 8-256] done synthesizing module 'generic_baseblocks_v2_1_0_mux_enc__parameterized1' (7#1) [c:/Users/user/OneDrive/SOC/GPIO_Interrupt_tutorial/GPIO_Interrupt_tutorial.srcs/sources_1/bd/design_1/ipshared/b752/hdl/generic_baseblocks_v2_1_vl_rfs.v:2452]
INFO: [Synth 8-638] synthesizing module 'axi_register_slice_v2_1_14_axic_register_slice' [c:/Users/user/OneDrive/SOC/GPIO_Interrupt_tutorial/GPIO_Interrupt_tutorial.srcs/sources_1/bd/design_1/ipshared/a259/hdl/axi_register_slice_v2_1_vl_rfs.v:189]
INFO: [Synth 8-256] done synthesizing module 'axi_register_slice_v2_1_14_axic_register_slice' (8#1) [c:/Users/user/OneDrive/SOC/GPIO_Interrupt_tutorial/GPIO_Interrupt_tutorial.srcs/sources_1/bd/design_1/ipshared/a259/hdl/axi_register_slice_v2_1_vl_rfs.v:189]
INFO: [Synth 8-638] synthesizing module 'generic_baseblocks_v2_1_0_mux_enc__parameterized2' [c:/Users/user/OneDrive/SOC/GPIO_Interrupt_tutorial/GPIO_Interrupt_tutorial.srcs/sources_1/bd/design_1/ipshared/b752/hdl/generic_baseblocks_v2_1_vl_rfs.v:2452]
INFO: [Synth 8-256] done synthesizing module 'generic_baseblocks_v2_1_0_mux_enc__parameterized2' (8#1) [c:/Users/user/OneDrive/SOC/GPIO_Interrupt_tutorial/GPIO_Interrupt_tutorial.srcs/sources_1/bd/design_1/ipshared/b752/hdl/generic_baseblocks_v2_1_vl_rfs.v:2452]
INFO: [Synth 8-256] done synthesizing module 'axi_crossbar_v2_1_15_crossbar_sasd' (9#1) [c:/Users/user/OneDrive/SOC/GPIO_Interrupt_tutorial/GPIO_Interrupt_tutorial.srcs/sources_1/bd/design_1/ipshared/a1b8/hdl/axi_crossbar_v2_1_vl_rfs.v:1240]
INFO: [Synth 8-256] done synthesizing module 'axi_crossbar_v2_1_15_axi_crossbar' (10#1) [c:/Users/user/OneDrive/SOC/GPIO_Interrupt_tutorial/GPIO_Interrupt_tutorial.srcs/sources_1/bd/design_1/ipshared/a1b8/hdl/axi_crossbar_v2_1_vl_rfs.v:4882]
INFO: [Synth 8-256] done synthesizing module 'design_1_xbar_0' (11#1) [c:/Users/user/OneDrive/SOC/GPIO_Interrupt_tutorial/GPIO_Interrupt_tutorial.srcs/sources_1/bd/design_1/ip/design_1_xbar_0/synth/design_1_xbar_0.v:59]
Finished RTL Elaboration : Time (s): cpu = 00:00:35 ; elapsed = 00:00:36 . Memory (MB): peak = 490.805 ; gain = 222.980
Finished RTL Optimization Phase 1 : Time (s): cpu = 00:00:35 ; elapsed = 00:00:37 . Memory (MB): peak = 490.805 ; gain = 222.980
INFO: [Device 21-403] Loading part xc7z020clg484-1
Constraint Validation Runtime : Time (s): cpu = 00:00:00 ; elapsed = 00:00:00.049 . Memory (MB): peak = 745.641 ; gain = 0.000
Finished Constraint Validation : Time (s): cpu = 00:01:04 ; elapsed = 00:01:07 . Memory (MB): peak = 745.641 ; gain = 477.816
Finished Loading Part and Timing Information : Time (s): cpu = 00:01:04 ; elapsed = 00:01:07 . Memory (MB): peak = 745.641 ; gain = 477.816
Finished applying 'set_property' XDC Constraints : Time (s): cpu = 00:01:04 ; elapsed = 00:01:07 . Memory (MB): peak = 745.641 ; gain = 477.816
Finished RTL Optimization Phase 2 : Time (s): cpu = 00:01:05 ; elapsed = 00:01:08 . Memory (MB): peak = 745.641 ; gain = 477.816
Finished Cross Boundary and Area Optimization : Time (s): cpu = 00:01:07 ; elapsed = 00:01:09 . Memory (MB): peak = 745.641 ; gain = 477.816
Finished Applying XDC Timing Constraints : Time (s): cpu = 00:01:31 ; elapsed = 00:01:37 . Memory (MB): peak = 745.641 ; gain = 477.816
Finished Timing Optimization : Time (s): cpu = 00:01:31 ; elapsed = 00:01:38 . Memory (MB): peak = 745.641 ; gain = 477.816
Finished Technology Mapping : Time (s): cpu = 00:01:32 ; elapsed = 00:01:38 . Memory (MB): peak = 745.641 ; gain = 477.816
Finished IO Insertion : Time (s): cpu = 00:01:34 ; elapsed = 00:01:40 . Memory (MB): peak = 745.641 ; gain = 477.816
Finished Renaming Generated Instances : Time (s): cpu = 00:01:34 ; elapsed = 00:01:40 . Memory (MB): peak = 745.641 ; gain = 477.816
Finished Rebuilding User Hierarchy : Time (s): cpu = 00:01:34 ; elapsed = 00:01:40 . Memory (MB): peak = 745.641 ; gain = 477.816
Finished Renaming Generated Ports : Time (s): cpu = 00:01:34 ; elapsed = 00:01:40 . Memory (MB): peak = 745.641 ; gain = 477.816
Finished Handling Custom Attributes : Time (s): cpu = 00:01:34 ; elapsed = 00:01:40 . Memory (MB): peak = 745.641 ; gain = 477.816
Finished Renaming Generated Nets : Time (s): cpu = 00:01:34 ; elapsed = 00:01:40 . Memory (MB): peak = 745.641 ; gain = 477.816

Report Cell Usage: 
+------+-----+------+
|      |Cell |Count |
+------+-----+------+
|1     |LUT1 |     3|
|2     |LUT2 |     8|
|3     |LUT3 |     6|
|4     |LUT4 |    84|
|5     |LUT5 |    18|
|6     |LUT6 |    47|
|7     |FDRE |   130|
+------+-----+------+
Finished Writing Synthesis Report : Time (s): cpu = 00:01:34 ; elapsed = 00:01:40 . Memory (MB): peak = 745.641 ; gain = 477.816
synth_design: Time (s): cpu = 00:01:36 ; elapsed = 00:01:43 . Memory (MB): peak = 745.641 ; gain = 485.898
